# JRE version: Java(TM) SE Runtime Environment (8.0_66-b17) (build 1.8.0_66-b17)
# Java VM: Java HotSpot(TM) 64-Bit Server VM (25.66-b17 mixed mode bsd-amd64 compressed oops)
Heap:
 PSYoungGen      total 138240K, used 54411K [0x00000007aab00000, 0x00000007b4e80000, 0x00000007c0000000)
  eden space 119296K, 31% used [0x00000007aab00000,0x00000007acf4d378,0x00000007b1f80000)
  from space 18944K, 90% used [0x00000007b1f80000,0x00000007b30559e8,0x00000007b3200000)
  to   space 20480K, 0% used [0x00000007b3a80000,0x00000007b3a80000,0x00000007b4e80000)
 ParOldGen       total 88064K, used 42868K [0x0000000780000000, 0x0000000785600000, 0x00000007aab00000)
  object space 88064K, 48% used [0x0000000780000000,0x00000007829dd068,0x0000000785600000)
 Metaspace       used 39507K, capacity 40304K, committed 40616K, reserved 1085440K
  class space    used 4875K, capacity 5219K, committed 5288K, reserved 1048576K
GC Heap History (10 events):
Event: 125.355 GC heap before
{Heap before GC invocations=25 (full 2):
 PSYoungGen      total 121856K, used 12717K [0x00000007aab00000, 0x00000007b3700000, 0x00000007c0000000)
  eden space 108544K, 0% used [0x00000007aab00000,0x00000007aab00000,0x00000007b1500000)
  from space 13312K, 95% used [0x00000007b1500000,0x00000007b216b630,0x00000007b2200000)
  to   space 14336K, 0% used [0x00000007b2900000,0x00000007b2900000,0x00000007b3700000)
 ParOldGen       total 49664K, used 36647K [0x0000000780000000, 0x0000000783080000, 0x00000007aab00000)
  object space 49664K, 73% used [0x0000000780000000,0x00000007823c9c40,0x0000000783080000)
 Metaspace       used 34723K, capacity 35424K, committed 35496K, reserved 1081344K
  class space    used 4181K, capacity 4492K, committed 4520K, reserved 1048576K
Event: 125.616 GC heap after
Heap after GC invocations=25 (full 2):
 PSYoungGen      total 121856K, used 0K [0x00000007aab00000, 0x00000007b3700000, 0x00000007c0000000)
  eden space 108544K, 0% used [0x00000007aab00000,0x00000007aab00000,0x00000007b1500000)
  from space 13312K, 0% used [0x00000007b1500000,0x00000007b1500000,0x00000007b2200000)
  to   space 14336K, 0% used [0x00000007b2900000,0x00000007b2900000,0x00000007b3700000)
 ParOldGen       total 88064K, used 36726K [0x0000000780000000, 0x0000000785600000, 0x00000007aab00000)
  object space 88064K, 41% used [0x0000000780000000,0x00000007823ddab8,0x0000000785600000)
 Metaspace       used 34723K, capacity 35424K, committed 35496K, reserved 1081344K
  class space    used 4181K, capacity 4492K, committed 4520K, reserved 1048576K
}
Event: 133.820 GC heap before
{Heap before GC invocations=26 (full 2):
 PSYoungGen      total 121856K, used 108544K [0x00000007aab00000, 0x00000007b3700000, 0x00000007c0000000)
  eden space 108544K, 100% used [0x00000007aab00000,0x00000007b1500000,0x00000007b1500000)
  from space 13312K, 0% used [0x00000007b1500000,0x00000007b1500000,0x00000007b2200000)
  to   space 14336K, 0% used [0x00000007b2900000,0x00000007b2900000,0x00000007b3700000)
 ParOldGen       total 88064K, used 36726K [0x0000000780000000, 0x0000000785600000, 0x00000007aab00000)
  object space 88064K, 41% used [0x0000000780000000,0x00000007823ddab8,0x0000000785600000)
 Metaspace       used 38197K, capacity 38950K, committed 39080K, reserved 1083392K
  class space    used 4687K, capacity 5005K, committed 5032K, reserved 1048576K
Event: 133.831 GC heap after
Heap after GC invocations=26 (full 2):
 PSYoungGen      total 129536K, used 9144K [0x00000007aab00000, 0x00000007b3800000, 0x00000007c0000000)
  eden space 115200K, 0% used [0x00000007aab00000,0x00000007aab00000,0x00000007b1b80000)
  from space 14336K, 63% used [0x00000007b2900000,0x00000007b31ee000,0x00000007b3700000)
  to   space 13824K, 0% used [0x00000007b1b80000,0x00000007b1b80000,0x00000007b2900000)
 ParOldGen       total 88064K, used 36734K [0x0000000780000000, 0x0000000785600000, 0x00000007aab00000)
  object space 88064K, 41% used [0x0000000780000000,0x00000007823dfab8,0x0000000785600000)
 Metaspace       used 38197K, capacity 38950K, committed 39080K, reserved 1083392K
  class space    used 4687K, capacity 5005K, committed 5032K, reserved 1048576K
}
Event: 666.081 GC heap before
{Heap before GC invocations=27 (full 2):
 PSYoungGen      total 129536K, used 124344K [0x00000007aab00000, 0x00000007b3800000, 0x00000007c0000000)
  eden space 115200K, 100% used [0x00000007aab00000,0x00000007b1b80000,0x00000007b1b80000)
  from space 14336K, 63% used [0x00000007b2900000,0x00000007b31ee000,0x00000007b3700000)
  to   space 13824K, 0% used [0x00000007b1b80000,0x00000007b1b80000,0x00000007b2900000)
 ParOldGen       total 88064K, used 36734K [0x0000000780000000, 0x0000000785600000, 0x00000007aab00000)
  object space 88064K, 41% used [0x0000000780000000,0x00000007823dfab8,0x0000000785600000)
 Metaspace       used 39486K, capacity 40304K, committed 40616K, reserved 1085440K
  class space    used 4872K, capacity 5219K, committed 5288K, reserved 1048576K
Event: 666.155 GC heap after
Heap after GC invocations=27 (full 2):
 PSYoungGen      total 129024K, used 13816K [0x00000007aab00000, 0x00000007b4300000, 0x00000007c0000000)
  eden space 115200K, 0% used [0x00000007aab00000,0x00000007aab00000,0x00000007b1b80000)
  from space 13824K, 99% used [0x00000007b1b80000,0x00000007b28fe390,0x00000007b2900000)
  to   space 17408K, 0% used [0x00000007b3200000,0x00000007b3200000,0x00000007b4300000)
 ParOldGen       total 88064K, used 42868K [0x0000000780000000, 0x0000000785600000, 0x00000007aab00000)
  object space 88064K, 48% used [0x0000000780000000,0x00000007829dd068,0x0000000785600000)
 Metaspace       used 39486K, capacity 40304K, committed 40616K, reserved 1085440K
  class space    used 4872K, capacity 5219K, committed 5288K, reserved 1048576K
}
Event: 670.855 GC heap before
{Heap before GC invocations=28 (full 2):
 PSYoungGen      total 129024K, used 129016K [0x00000007aab00000, 0x00000007b4300000, 0x00000007c0000000)
  eden space 115200K, 100% used [0x00000007aab00000,0x00000007b1b80000,0x00000007b1b80000)
  from space 13824K, 99% used [0x00000007b1b80000,0x00000007b28fe390,0x00000007b2900000)
  to   space 17408K, 0% used [0x00000007b3200000,0x00000007b3200000,0x00000007b4300000)
 ParOldGen       total 88064K, used 42868K [0x0000000780000000, 0x0000000785600000, 0x00000007aab00000)
  object space 88064K, 48% used [0x0000000780000000,0x00000007829dd068,0x0000000785600000)
 Metaspace       used 39488K, capacity 40304K, committed 40616K, reserved 1085440K
  class space    used 4872K, capacity 5219K, committed 5288K, reserved 1048576K
Event: 670.875 GC heap after
Heap after GC invocations=28 (full 2):
 PSYoungGen      total 136704K, used 15770K [0x00000007aab00000, 0x00000007b4680000, 0x00000007c0000000)
  eden space 119296K, 0% used [0x00000007aab00000,0x00000007aab00000,0x00000007b1f80000)
  from space 17408K, 90% used [0x00000007b3200000,0x00000007b4166a48,0x00000007b4300000)
  to   space 18944K, 0% used [0x00000007b1f80000,0x00000007b1f80000,0x00000007b3200000)
 ParOldGen       total 88064K, used 42868K [0x0000000780000000, 0x0000000785600000, 0x00000007aab00000)
  object space 88064K, 48% used [0x0000000780000000,0x00000007829dd068,0x0000000785600000)
 Metaspace       used 39488K, capacity 40304K, committed 40616K, reserved 1085440K
  class space    used 4872K, capacity 5219K, committed 5288K, reserved 1048576K
}
Event: 672.790 GC heap before
{Heap before GC invocations=29 (full 2):
 PSYoungGen      total 136704K, used 135066K [0x00000007aab00000, 0x00000007b4680000, 0x00000007c0000000)
  eden space 119296K, 100% used [0x00000007aab00000,0x00000007b1f80000,0x00000007b1f80000)
  from space 17408K, 90% used [0x00000007b3200000,0x00000007b4166a48,0x00000007b4300000)
  to   space 18944K, 0% used [0x00000007b1f80000,0x00000007b1f80000,0x00000007b3200000)
 ParOldGen       total 88064K, used 42868K [0x0000000780000000, 0x0000000785600000, 0x00000007aab00000)
  object space 88064K, 48% used [0x0000000780000000,0x00000007829dd068,0x0000000785600000)
 Metaspace       used 39506K, capacity 40304K, committed 40616K, reserved 1085440K
  class space    used 4875K, capacity 5219K, committed 5288K, reserved 1048576K
Event: 672.801 GC heap after
Heap after GC invocations=29 (full 2):
 PSYoungGen      total 138240K, used 17238K [0x00000007aab00000, 0x00000007b4e80000, 0x00000007c0000000)
  eden space 119296K, 0% used [0x00000007aab00000,0x00000007aab00000,0x00000007b1f80000)
  from space 18944K, 90% used [0x00000007b1f80000,0x00000007b30559e8,0x00000007b3200000)
  to   space 20480K, 0% used [0x00000007b3a80000,0x00000007b3a80000,0x00000007b4e80000)
 ParOldGen       total 88064K, used 42868K [0x0000000780000000, 0x0000000785600000, 0x00000007aab00000)
  object space 88064K, 48% used [0x0000000780000000,0x00000007829dd068,0x0000000785600000)
 Metaspace       used 39506K, capacity 40304K, committed 40616K, reserved 1085440K
  class space    used 4875K, capacity 5219K, committed 5288K, reserved 1048576K
}

