# JRE version: Java(TM) SE Runtime Environment (8.0_66-b17) (build 1.8.0_66-b17)
# Java VM: Java HotSpot(TM) 64-Bit Server VM (25.66-b17 mixed mode bsd-amd64 compressed oops)
Heap:
 PSYoungGen      total 124416K, used 62561K [0x00000007aab00000, 0x00000007b3b00000, 0x00000007c0000000)
  eden space 103936K, 52% used [0x00000007aab00000,0x00000007ae08b460,0x00000007b1080000)
  from space 20480K, 37% used [0x00000007b2400000,0x00000007b2b8d360,0x00000007b3800000)
  to   space 19968K, 0% used [0x00000007b1080000,0x00000007b1080000,0x00000007b2400000)
 ParOldGen       total 91648K, used 34362K [0x0000000780000000, 0x0000000785980000, 0x00000007aab00000)
  object space 91648K, 37% used [0x0000000780000000,0x000000078218e840,0x0000000785980000)
 Metaspace       used 40769K, capacity 41472K, committed 41640K, reserved 1085440K
  class space    used 4972K, capacity 5269K, committed 5288K, reserved 1048576K
GC Heap History (10 events):
Event: 32.160 GC heap before
{Heap before GC invocations=20 (full 1):
 PSYoungGen      total 113152K, used 107544K [0x00000007aab00000, 0x00000007b2c00000, 0x00000007c0000000)
  eden space 95232K, 100% used [0x00000007aab00000,0x00000007b0800000,0x00000007b0800000)
  from space 17920K, 68% used [0x00000007b1a80000,0x00000007b2686328,0x00000007b2c00000)
  to   space 18432K, 0% used [0x00000007b0800000,0x00000007b0800000,0x00000007b1a00000)
 ParOldGen       total 54784K, used 26644K [0x0000000780000000, 0x0000000783580000, 0x00000007aab00000)
  object space 54784K, 48% used [0x0000000780000000,0x0000000781a05308,0x0000000783580000)
 Metaspace       used 30610K, capacity 31262K, committed 31616K, reserved 1077248K
  class space    used 3672K, capacity 3895K, committed 3968K, reserved 1048576K
Event: 32.168 GC heap after
Heap after GC invocations=20 (full 1):
 PSYoungGen      total 113664K, used 12863K [0x00000007aab00000, 0x00000007b3100000, 0x00000007c0000000)
  eden space 95232K, 0% used [0x00000007aab00000,0x00000007aab00000,0x00000007b0800000)
  from space 18432K, 69% used [0x00000007b0800000,0x00000007b148fd18,0x00000007b1a00000)
  to   space 18432K, 0% used [0x00000007b1f00000,0x00000007b1f00000,0x00000007b3100000)
 ParOldGen       total 54784K, used 26652K [0x0000000780000000, 0x0000000783580000, 0x00000007aab00000)
  object space 54784K, 48% used [0x0000000780000000,0x0000000781a07308,0x0000000783580000)
 Metaspace       used 30610K, capacity 31262K, committed 31616K, reserved 1077248K
  class space    used 3672K, capacity 3895K, committed 3968K, reserved 1048576K
}
Event: 150.570 GC heap before
{Heap before GC invocations=21 (full 1):
 PSYoungGen      total 113664K, used 108095K [0x00000007aab00000, 0x00000007b3100000, 0x00000007c0000000)
  eden space 95232K, 100% used [0x00000007aab00000,0x00000007b0800000,0x00000007b0800000)
  from space 18432K, 69% used [0x00000007b0800000,0x00000007b148fd18,0x00000007b1a00000)
  to   space 18432K, 0% used [0x00000007b1f00000,0x00000007b1f00000,0x00000007b3100000)
 ParOldGen       total 54784K, used 26652K [0x0000000780000000, 0x0000000783580000, 0x00000007aab00000)
  object space 54784K, 48% used [0x0000000780000000,0x0000000781a07308,0x0000000783580000)
 Metaspace       used 33098K, capacity 33818K, committed 34176K, reserved 1079296K
  class space    used 4024K, capacity 4363K, committed 4480K, reserved 1048576K
Event: 150.700 GC heap after
Heap after GC invocations=21 (full 1):
 PSYoungGen      total 117248K, used 16975K [0x00000007aab00000, 0x00000007b3300000, 0x00000007c0000000)
  eden space 98816K, 0% used [0x00000007aab00000,0x00000007aab00000,0x00000007b0b80000)
  from space 18432K, 92% used [0x00000007b1f00000,0x00000007b2f93ea0,0x00000007b3100000)
  to   space 19968K, 0% used [0x00000007b0b80000,0x00000007b0b80000,0x00000007b1f00000)
 ParOldGen       total 54784K, used 26660K [0x0000000780000000, 0x0000000783580000, 0x00000007aab00000)
  object space 54784K, 48% used [0x0000000780000000,0x0000000781a09308,0x0000000783580000)
 Metaspace       used 33098K, capacity 33818K, committed 34176K, reserved 1079296K
  class space    used 4024K, capacity 4363K, committed 4480K, reserved 1048576K
}
Event: 160.501 GC heap before
{Heap before GC invocations=22 (full 1):
 PSYoungGen      total 117248K, used 98451K [0x00000007aab00000, 0x00000007b3300000, 0x00000007c0000000)
  eden space 98816K, 82% used [0x00000007aab00000,0x00000007afa90ea0,0x00000007b0b80000)
  from space 18432K, 92% used [0x00000007b1f00000,0x00000007b2f93ea0,0x00000007b3100000)
  to   space 19968K, 0% used [0x00000007b0b80000,0x00000007b0b80000,0x00000007b1f00000)
 ParOldGen       total 54784K, used 26660K [0x0000000780000000, 0x0000000783580000, 0x00000007aab00000)
  object space 54784K, 48% used [0x0000000780000000,0x0000000781a09308,0x0000000783580000)
 Metaspace       used 34744K, capacity 35418K, committed 35496K, reserved 1081344K
  class space    used 4195K, capacity 4491K, committed 4520K, reserved 1048576K
Event: 160.576 GC heap after
Heap after GC invocations=22 (full 1):
 PSYoungGen      total 118784K, used 14168K [0x00000007aab00000, 0x00000007b3800000, 0x00000007c0000000)
  eden space 98816K, 0% used [0x00000007aab00000,0x00000007aab00000,0x00000007b0b80000)
  from space 19968K, 70% used [0x00000007b0b80000,0x00000007b19560e0,0x00000007b1f00000)
  to   space 20480K, 0% used [0x00000007b2400000,0x00000007b2400000,0x00000007b3800000)
 ParOldGen       total 54784K, used 29259K [0x0000000780000000, 0x0000000783580000, 0x00000007aab00000)
  object space 54784K, 53% used [0x0000000780000000,0x0000000781c92e80,0x0000000783580000)
 Metaspace       used 34744K, capacity 35418K, committed 35496K, reserved 1081344K
  class space    used 4195K, capacity 4491K, committed 4520K, reserved 1048576K
}
Event: 160.577 GC heap before
{Heap before GC invocations=23 (full 2):
 PSYoungGen      total 118784K, used 14168K [0x00000007aab00000, 0x00000007b3800000, 0x00000007c0000000)
  eden space 98816K, 0% used [0x00000007aab00000,0x00000007aab00000,0x00000007b0b80000)
  from space 19968K, 70% used [0x00000007b0b80000,0x00000007b19560e0,0x00000007b1f00000)
  to   space 20480K, 0% used [0x00000007b2400000,0x00000007b2400000,0x00000007b3800000)
 ParOldGen       total 54784K, used 29259K [0x0000000780000000, 0x0000000783580000, 0x00000007aab00000)
  object space 54784K, 53% used [0x0000000780000000,0x0000000781c92e80,0x0000000783580000)
 Metaspace       used 34744K, capacity 35418K, committed 35496K, reserved 1081344K
  class space    used 4195K, capacity 4491K, committed 4520K, reserved 1048576K
Event: 160.843 GC heap after
Heap after GC invocations=23 (full 2):
 PSYoungGen      total 118784K, used 0K [0x00000007aab00000, 0x00000007b3800000, 0x00000007c0000000)
  eden space 98816K, 0% used [0x00000007aab00000,0x00000007aab00000,0x00000007b0b80000)
  from space 19968K, 0% used [0x00000007b0b80000,0x00000007b0b80000,0x00000007b1f00000)
  to   space 20480K, 0% used [0x00000007b2400000,0x00000007b2400000,0x00000007b3800000)
 ParOldGen       total 91648K, used 34354K [0x0000000780000000, 0x0000000785980000, 0x00000007aab00000)
  object space 91648K, 37% used [0x0000000780000000,0x000000078218c840,0x0000000785980000)
 Metaspace       used 34744K, capacity 35418K, committed 35496K, reserved 1081344K
  class space    used 4195K, capacity 4491K, committed 4520K, reserved 1048576K
}
Event: 170.155 GC heap before
{Heap before GC invocations=24 (full 2):
 PSYoungGen      total 118784K, used 98816K [0x00000007aab00000, 0x00000007b3800000, 0x00000007c0000000)
  eden space 98816K, 100% used [0x00000007aab00000,0x00000007b0b80000,0x00000007b0b80000)
  from space 19968K, 0% used [0x00000007b0b80000,0x00000007b0b80000,0x00000007b1f00000)
  to   space 20480K, 0% used [0x00000007b2400000,0x00000007b2400000,0x00000007b3800000)
 ParOldGen       total 91648K, used 34354K [0x0000000780000000, 0x0000000785980000, 0x00000007aab00000)
  object space 91648K, 37% used [0x0000000780000000,0x000000078218c840,0x0000000785980000)
 Metaspace       used 37976K, capacity 38656K, committed 38824K, reserved 1083392K
  class space    used 4660K, capacity 4972K, committed 5032K, reserved 1048576K
Event: 170.222 GC heap after
Heap after GC invocations=24 (full 2):
 PSYoungGen      total 124416K, used 7732K [0x00000007aab00000, 0x00000007b3b00000, 0x00000007c0000000)
  eden space 103936K, 0% used [0x00000007aab00000,0x00000007aab00000,0x00000007b1080000)
  from space 20480K, 37% used [0x00000007b2400000,0x00000007b2b8d360,0x00000007b3800000)
  to   space 19968K, 0% used [0x00000007b1080000,0x00000007b1080000,0x00000007b2400000)
 ParOldGen       total 91648K, used 34362K [0x0000000780000000, 0x0000000785980000, 0x00000007aab00000)
  object space 91648K, 37% used [0x0000000780000000,0x000000078218e840,0x0000000785980000)
 Metaspace       used 37976K, capacity 38656K, committed 38824K, reserved 1083392K
  class space    used 4660K, capacity 4972K, committed 5032K, reserved 1048576K
}

