# JRE version: Java(TM) SE Runtime Environment (8.0_66-b17) (build 1.8.0_66-b17)
# Java VM: Java HotSpot(TM) 64-Bit Server VM (25.66-b17 mixed mode bsd-amd64 compressed oops)
Heap:
 PSYoungGen      total 116224K, used 23625K [0x00000007aab00000, 0x00000007b3d80000, 0x00000007c0000000)
  eden space 94720K, 7% used [0x00000007aab00000,0x00000007ab1ce2d8,0x00000007b0780000)
  from space 21504K, 77% used [0x00000007b2880000,0x00000007b38c44d8,0x00000007b3d80000)
  to   space 27648K, 0% used [0x00000007b0780000,0x00000007b0780000,0x00000007b2280000)
 ParOldGen       total 48640K, used 36063K [0x0000000780000000, 0x0000000782f80000, 0x00000007aab00000)
  object space 48640K, 74% used [0x0000000780000000,0x0000000782337e88,0x0000000782f80000)
 Metaspace       used 32349K, capacity 33006K, committed 33152K, reserved 1077248K
  class space    used 4048K, capacity 4360K, committed 4480K, reserved 1048576K
GC Heap History (10 events):
Event: 7573.200 GC heap before
{Heap before GC invocations=21 (full 1):
 PSYoungGen      total 116736K, used 113623K [0x00000007aab00000, 0x00000007b3800000, 0x00000007c0000000)
  eden space 101376K, 100% used [0x00000007aab00000,0x00000007b0e00000,0x00000007b0e00000)
  from space 15360K, 79% used [0x00000007b0e00000,0x00000007b19f5e38,0x00000007b1d00000)
  to   space 15872K, 0% used [0x00000007b2880000,0x00000007b2880000,0x00000007b3800000)
 ParOldGen       total 48640K, used 26717K [0x0000000780000000, 0x0000000782f80000, 0x00000007aab00000)
  object space 48640K, 54% used [0x0000000780000000,0x0000000781a17580,0x0000000782f80000)
 Metaspace       used 30360K, capacity 31054K, committed 31232K, reserved 1077248K
  class space    used 3739K, capacity 4072K, committed 4096K, reserved 1048576K
Event: 7573.258 GC heap after
Heap after GC invocations=21 (full 1):
 PSYoungGen      total 113664K, used 15870K [0x00000007aab00000, 0x00000007b3800000, 0x00000007c0000000)
  eden space 97792K, 0% used [0x00000007aab00000,0x00000007aab00000,0x00000007b0a80000)
  from space 15872K, 99% used [0x00000007b2880000,0x00000007b37ff838,0x00000007b3800000)
  to   space 18944K, 0% used [0x00000007b1300000,0x00000007b1300000,0x00000007b2580000)
 ParOldGen       total 48640K, used 29868K [0x0000000780000000, 0x0000000782f80000, 0x00000007aab00000)
  object space 48640K, 61% used [0x0000000780000000,0x0000000781d2b2b0,0x0000000782f80000)
 Metaspace       used 30360K, capacity 31054K, committed 31232K, reserved 1077248K
  class space    used 3739K, capacity 4072K, committed 4096K, reserved 1048576K
}
Event: 7574.727 GC heap before
{Heap before GC invocations=22 (full 1):
 PSYoungGen      total 113664K, used 113662K [0x00000007aab00000, 0x00000007b3800000, 0x00000007c0000000)
  eden space 97792K, 100% used [0x00000007aab00000,0x00000007b0a80000,0x00000007b0a80000)
  from space 15872K, 99% used [0x00000007b2880000,0x00000007b37ff838,0x00000007b3800000)
  to   space 18944K, 0% used [0x00000007b1300000,0x00000007b1300000,0x00000007b2580000)
 ParOldGen       total 48640K, used 29868K [0x0000000780000000, 0x0000000782f80000, 0x00000007aab00000)
  object space 48640K, 61% used [0x0000000780000000,0x0000000781d2b2b0,0x0000000782f80000)
 Metaspace       used 30366K, capacity 31054K, committed 31232K, reserved 1077248K
  class space    used 3739K, capacity 4072K, committed 4096K, reserved 1048576K
Event: 7574.763 GC heap after
Heap after GC invocations=22 (full 1):
 PSYoungGen      total 125440K, used 16989K [0x00000007aab00000, 0x00000007b4000000, 0x00000007c0000000)
  eden space 106496K, 0% used [0x00000007aab00000,0x00000007aab00000,0x00000007b1300000)
  from space 18944K, 89% used [0x00000007b1300000,0x00000007b23974d0,0x00000007b2580000)
  to   space 20992K, 0% used [0x00000007b2b80000,0x00000007b2b80000,0x00000007b4000000)
 ParOldGen       total 48640K, used 29892K [0x0000000780000000, 0x0000000782f80000, 0x00000007aab00000)
  object space 48640K, 61% used [0x0000000780000000,0x0000000781d312b0,0x0000000782f80000)
 Metaspace       used 30366K, capacity 31054K, committed 31232K, reserved 1077248K
  class space    used 3739K, capacity 4072K, committed 4096K, reserved 1048576K
}
Event: 7578.271 GC heap before
{Heap before GC invocations=23 (full 1):
 PSYoungGen      total 125440K, used 123485K [0x00000007aab00000, 0x00000007b4000000, 0x00000007c0000000)
  eden space 106496K, 100% used [0x00000007aab00000,0x00000007b1300000,0x00000007b1300000)
  from space 18944K, 89% used [0x00000007b1300000,0x00000007b23974d0,0x00000007b2580000)
  to   space 20992K, 0% used [0x00000007b2b80000,0x00000007b2b80000,0x00000007b4000000)
 ParOldGen       total 48640K, used 29892K [0x0000000780000000, 0x0000000782f80000, 0x00000007aab00000)
  object space 48640K, 61% used [0x0000000780000000,0x0000000781d312b0,0x0000000782f80000)
 Metaspace       used 30366K, capacity 31054K, committed 31232K, reserved 1077248K
  class space    used 3739K, capacity 4072K, committed 4096K, reserved 1048576K
Event: 7578.284 GC heap after
Heap after GC invocations=23 (full 1):
 PSYoungGen      total 123392K, used 20983K [0x00000007aab00000, 0x00000007b4000000, 0x00000007c0000000)
  eden space 102400K, 0% used [0x00000007aab00000,0x00000007aab00000,0x00000007b0f00000)
  from space 20992K, 99% used [0x00000007b2b80000,0x00000007b3ffddc0,0x00000007b4000000)
  to   space 24064K, 0% used [0x00000007b1100000,0x00000007b1100000,0x00000007b2880000)
 ParOldGen       total 48640K, used 30676K [0x0000000780000000, 0x0000000782f80000, 0x00000007aab00000)
  object space 48640K, 63% used [0x0000000780000000,0x0000000781df50d8,0x0000000782f80000)
 Metaspace       used 30366K, capacity 31054K, committed 31232K, reserved 1077248K
  class space    used 3739K, capacity 4072K, committed 4096K, reserved 1048576K
}
Event: 7580.856 GC heap before
{Heap before GC invocations=24 (full 1):
 PSYoungGen      total 123392K, used 123383K [0x00000007aab00000, 0x00000007b4000000, 0x00000007c0000000)
  eden space 102400K, 100% used [0x00000007aab00000,0x00000007b0f00000,0x00000007b0f00000)
  from space 20992K, 99% used [0x00000007b2b80000,0x00000007b3ffddc0,0x00000007b4000000)
  to   space 24064K, 0% used [0x00000007b1100000,0x00000007b1100000,0x00000007b2880000)
 ParOldGen       total 48640K, used 30676K [0x0000000780000000, 0x0000000782f80000, 0x00000007aab00000)
  object space 48640K, 63% used [0x0000000780000000,0x0000000781df50d8,0x0000000782f80000)
 Metaspace       used 31867K, capacity 32526K, committed 32768K, reserved 1077248K
  class space    used 3958K, capacity 4264K, committed 4352K, reserved 1048576K
Event: 7580.876 GC heap after
Heap after GC invocations=24 (full 1):
 PSYoungGen      total 122368K, used 24060K [0x00000007aab00000, 0x00000007b4100000, 0x00000007c0000000)
  eden space 98304K, 0% used [0x00000007aab00000,0x00000007aab00000,0x00000007b0b00000)
  from space 24064K, 99% used [0x00000007b1100000,0x00000007b287f230,0x00000007b2880000)
  to   space 25088K, 0% used [0x00000007b2880000,0x00000007b2880000,0x00000007b4100000)
 ParOldGen       total 48640K, used 32432K [0x0000000780000000, 0x0000000782f80000, 0x00000007aab00000)
  object space 48640K, 66% used [0x0000000780000000,0x0000000781fac290,0x0000000782f80000)
 Metaspace       used 31867K, capacity 32526K, committed 32768K, reserved 1077248K
  class space    used 3958K, capacity 4264K, committed 4352K, reserved 1048576K
}
Event: 7582.081 GC heap before
{Heap before GC invocations=25 (full 1):
 PSYoungGen      total 122368K, used 122364K [0x00000007aab00000, 0x00000007b4100000, 0x00000007c0000000)
  eden space 98304K, 100% used [0x00000007aab00000,0x00000007b0b00000,0x00000007b0b00000)
  from space 24064K, 99% used [0x00000007b1100000,0x00000007b287f230,0x00000007b2880000)
  to   space 25088K, 0% used [0x00000007b2880000,0x00000007b2880000,0x00000007b4100000)
 ParOldGen       total 48640K, used 32432K [0x0000000780000000, 0x0000000782f80000, 0x00000007aab00000)
  object space 48640K, 66% used [0x0000000780000000,0x0000000781fac290,0x0000000782f80000)
 Metaspace       used 32335K, capacity 33006K, committed 33152K, reserved 1077248K
  class space    used 4045K, capacity 4360K, committed 4480K, reserved 1048576K
Event: 7582.093 GC heap after
Heap after GC invocations=25 (full 1):
 PSYoungGen      total 116224K, used 16657K [0x00000007aab00000, 0x00000007b3d80000, 0x00000007c0000000)
  eden space 94720K, 0% used [0x00000007aab00000,0x00000007aab00000,0x00000007b0780000)
  from space 21504K, 77% used [0x00000007b2880000,0x00000007b38c44d8,0x00000007b3d80000)
  to   space 27648K, 0% used [0x00000007b0780000,0x00000007b0780000,0x00000007b2280000)
 ParOldGen       total 48640K, used 36063K [0x0000000780000000, 0x0000000782f80000, 0x00000007aab00000)
  object space 48640K, 74% used [0x0000000780000000,0x0000000782337e88,0x0000000782f80000)
 Metaspace       used 32335K, capacity 33006K, committed 33152K, reserved 1077248K
  class space    used 4045K, capacity 4360K, committed 4480K, reserved 1048576K
}

